ToontownStart: Starting the game.
ToontownStart: Setting the default font.
TTLocalizer: Running in language: english
from toontown.toonbase.TTLocalizerEnglish import *
OTPLocalizer: Running in language: english
from otp.otpbase.OTPLocalizerEnglish import *
:DisplayOptions: settingsFullScreen = False, embedded = False width=800 height=600
:ToonBase: Default graphics pipe is wglGraphicsPipe (OpenGL).
:ToonBase: Successfully opened window of type wglGraphicsWindow (OpenGL)
:ShowBase: __dev__ == False
ToontownStart: Loading the default GUI sounds.
ToontownStart: Build Version: cv.2.5.0
:Loader: starting bulk load of block 'init'
:OTPClientRepository: Using connect method 'http'
:ToontownDummyLauncher: DEPRECATED getRegistry: DEPLOYMENT
:ToontownDummyLauncher: DEPRECATED getRegistry: GAME_DEPLOYMENT
:OTPClientRepository: reg_deployment=None
:OTPClientRepository: required-login auto.
Traceback (most recent call last):
  File "D:\Toontown-Sources\Toontown-Sources\Toontown-Offline-Folder\Panda3D-1.8.1\python\lib\runpy.py", line 162, in _run_module_as_main
    "__main__", fname, loader, pkg_name)
  File "D:\Toontown-Sources\Toontown-Sources\Toontown-Offline-Folder\Panda3D-1.8.1\python\lib\runpy.py", line 72, in _run_code
    exec code in run_globals
  File "C:\Users\Drew\Desktop\TTOffSRC-cv.2.5.0\toontown\toonbase\ToontownStart.py", line 111, in <module>
    base.initNametagGlobals()
  File "toontown\toonbase\ToonBase.py", line 326, in initNametagGlobals
    self.leftCells = [mm.addGridCell(0.2 + padding, -0.45, base.a2dTopLeft), mm.addGridCell(0.2 + padding, -0.9, base.a2dTopLeft), mm.addGridCell(0.2 + padding, -1.35, base.a2dTopLeft)]
  File "otp\margins\MarginManager.py", line 23, in addGridCell
    self.reorganize()
  File "otp\margins\MarginManager.py", line 56, in reorganize
    raise len(freeCells) >= len(popups) or AssertionError
TypeError: exceptions must be old-style classes or derived from BaseException, not bool
:TaskManager: TaskManager.destroy()
